<?xml version="1.0" encoding="UTF-8"?>
<testsuites name="jest tests" tests="23" failures="0" errors="0" time="4.083">
  <testsuite name="#metrics" errors="0" failures="0" skipped="0" timestamp="2025-11-21T12:48:24" time="0.597" tests="6">
    <testcase classname="#metrics When metrics is not enabled Should not call metric" name="#metrics When metrics is not enabled Should not call metric" time="0.003">
    </testcase>
    <testcase classname="#metrics When metrics is not enabled Should not call flush" name="#metrics When metrics is not enabled Should not call flush" time="0">
    </testcase>
    <testcase classname="#metrics When metrics is enabled Should send metric with default value" name="#metrics When metrics is enabled Should send metric with default value" time="0.001">
    </testcase>
    <testcase classname="#metrics When metrics is enabled Should send metric" name="#metrics When metrics is enabled Should send metric" time="0">
    </testcase>
    <testcase classname="#metrics When metrics is enabled Should not call flush" name="#metrics When metrics is enabled Should not call flush" time="0">
    </testcase>
    <testcase classname="#metrics When metrics throws Should log expected error" name="#metrics When metrics throws Should log expected error" time="0.001">
    </testcase>
  </testsuite>
  <testsuite name="Lock Functions" errors="0" failures="0" skipped="0" timestamp="2025-11-21T12:48:25" time="0.119" tests="4">
    <testcase classname="Lock Functions acquireLock should acquire lock and return it" name="Lock Functions acquireLock should acquire lock and return it" time="0.002">
    </testcase>
    <testcase classname="Lock Functions acquireLock should log error and return null if lock cannot be acquired" name="Lock Functions acquireLock should log error and return null if lock cannot be acquired" time="0">
    </testcase>
    <testcase classname="Lock Functions requireLock should acquire lock and return it" name="Lock Functions requireLock should acquire lock and return it" time="0.001">
    </testcase>
    <testcase classname="Lock Functions requireLock should throw error if lock cannot be acquired" name="Lock Functions requireLock should throw error if lock cannot be acquired" time="0.009">
    </testcase>
  </testsuite>
  <testsuite name="#mongoDb" errors="0" failures="0" skipped="0" timestamp="2025-11-21T12:48:25" time="1.564" tests="4">
    <testcase classname="#mongoDb Set up Server should have expected MongoDb decorators" name="#mongoDb Set up Server should have expected MongoDb decorators" time="0.001">
    </testcase>
    <testcase classname="#mongoDb Set up MongoDb should have expected database name" name="#mongoDb Set up MongoDb should have expected database name" time="0.001">
    </testcase>
    <testcase classname="#mongoDb Set up MongoDb should have expected namespace" name="#mongoDb Set up MongoDb should have expected namespace" time="0">
    </testcase>
    <testcase classname="#mongoDb Shut down Should close Mongo client on server stop" name="#mongoDb Shut down Should close Mongo client on server stop" time="0.001">
    </testcase>
  </testsuite>
  <testsuite name="#startServer" errors="0" failures="0" skipped="0" timestamp="2025-11-21T12:48:27" time="0.307" tests="2">
    <testcase classname="#startServer When server starts Should start up server as expected" name="#startServer When server starts Should start up server as expected" time="0.001">
    </testcase>
    <testcase classname="#startServer When server start fails Should log failed startup message" name="#startServer When server start fails Should log failed startup message" time="0.009">
    </testcase>
  </testsuite>
  <testsuite name="setupProxy" errors="0" failures="0" skipped="0" timestamp="2025-11-21T12:48:27" time="0.124" tests="2">
    <testcase classname="setupProxy Should not setup proxy if the environment variable is not set" name="setupProxy Should not setup proxy if the environment variable is not set" time="0.001">
    </testcase>
    <testcase classname="setupProxy Should setup proxy if the environment variable is set" name="setupProxy Should setup proxy if the environment variable is set" time="0.003">
    </testcase>
  </testsuite>
  <testsuite name="logger-options" errors="0" failures="0" skipped="0" timestamp="2025-11-21T12:48:27" time="0.067" tests="2">
    <testcase classname="logger-options mixin adds trace id when available" name="logger-options mixin adds trace id when available" time="0">
    </testcase>
    <testcase classname="logger-options mixin adds nothing when trace id not available" name="logger-options mixin adds nothing when trace id not available" time="0">
    </testcase>
  </testsuite>
  <testsuite name="health endpoint test" errors="0" failures="0" skipped="0" timestamp="2025-11-21T12:48:27" time="1.024" tests="1">
    <testcase classname="health endpoint test GET /health route returns 200" name="health endpoint test GET /health route returns 200" time="0.77">
    </testcase>
  </testsuite>
  <testsuite name="#convictValidateMongoUri" errors="0" failures="0" skipped="0" timestamp="2025-11-21T12:48:28" time="0.085" tests="2">
    <testcase classname="#convictValidateMongoUri With correct mongo-uri, Should not throw" name="#convictValidateMongoUri With correct mongo-uri, Should not throw" time="0.009">
    </testcase>
    <testcase classname="#convictValidateMongoUri With invalid mongo-uri, Should throw" name="#convictValidateMongoUri With invalid mongo-uri, Should throw" time="0.009">
    </testcase>
  </testsuite>
</testsuites>